<?xml version="1.0" encoding="UTF-8"?>
<!-- Generated by org.testng.reporters.JUnitReportReporter -->
<testsuite hostname="shad-Lenovo-IdeaPad-S145-15IWL" failures="0" tests="6" name="restgetapi.getData" time="0.578" errors="0" timestamp="2020-06-10T16:55:38 IST" skipped="0">
  <testcase classname="restgetapi.getData" name="WeatherMessageBody" time="0.367"/>
  <testcase classname="restgetapi.getData" name="weather_message_description_light_rain" time="0.043"/>
  <testcase classname="restgetapi.getData" name="weather_message_description" time="0.068"/>
  <testcase classname="restgetapi.getData" name="temp_description" time="0.059"/>
  <testcase classname="restgetapi.getData" name="testResponcecode" time="0.001"/>
  <testcase classname="restgetapi.getData" name="is_forecast_hourly" time="0.040"/>
</testsuite> <!-- restgetapi.getData -->
